#! /usr/local/bin/vvp
:ivl_version "12.0 (stable)";
:ivl_delay_selection "TYPICAL";
:vpi_time_precision + 0;
:vpi_module "/usr/local/lib/ivl/system.vpi";
:vpi_module "/usr/local/lib/ivl/vhdl_sys.vpi";
:vpi_module "/usr/local/lib/ivl/vhdl_textio.vpi";
:vpi_module "/usr/local/lib/ivl/v2005_math.vpi";
:vpi_module "/usr/local/lib/ivl/va_math.vpi";
:vpi_module "/usr/local/lib/ivl/v2009.vpi";
S_0x3f1e0ce0 .scope package, "$unit" "$unit" 2 1;
 .timescale 0 0;
S_0x3f1e0e70 .scope module, "tb_t_flipflop" "tb_t_flipflop" 3 3;
 .timescale 0 0;
v0x3f1f46e0_0 .net "Q", 0 0, v0x3f1e1310_0;  1 drivers
v0x3f1f47a0_0 .net "Qbar", 0 0, v0x3f1f43e0_0;  1 drivers
v0x3f1f4870_0 .var "T", 0 0;
v0x3f1f4970_0 .var "clk", 0 0;
S_0x3f1bb580 .scope module, "uut" "t_flipflop" 3 8, 4 2 0, S_0x3f1e0e70;
 .timescale 0 0;
    .port_info 0 /INPUT 1 "T";
    .port_info 1 /INPUT 1 "clk";
    .port_info 2 /OUTPUT 1 "Q";
    .port_info 3 /OUTPUT 1 "Qbar";
v0x3f1e1310_0 .var "Q", 0 0;
v0x3f1f43e0_0 .var "Qbar", 0 0;
v0x3f1f44a0_0 .net "T", 0 0, v0x3f1f4870_0;  1 drivers
v0x3f1f4570_0 .net "clk", 0 0, v0x3f1f4970_0;  1 drivers
E_0x3f1bb7d0 .event posedge, v0x3f1f4570_0;
    .scope S_0x3f1bb580;
T_0 ;
    %wait E_0x3f1bb7d0;
    %load/vec4 v0x3f1f44a0_0;
    %pad/u 32;
    %cmpi/e 0, 0, 32;
    %jmp/0xz  T_0.0, 4;
    %load/vec4 v0x3f1e1310_0;
    %assign/vec4 v0x3f1e1310_0, 0;
    %load/vec4 v0x3f1f43e0_0;
    %assign/vec4 v0x3f1f43e0_0, 0;
    %jmp T_0.1;
T_0.0 ;
    %load/vec4 v0x3f1e1310_0;
    %inv;
    %assign/vec4 v0x3f1e1310_0, 0;
    %load/vec4 v0x3f1f43e0_0;
    %inv;
    %assign/vec4 v0x3f1f43e0_0, 0;
T_0.1 ;
    %jmp T_0;
    .thread T_0;
    .scope S_0x3f1e0e70;
T_1 ;
    %pushi/vec4 0, 0, 1;
    %store/vec4 v0x3f1f4970_0, 0, 1;
T_1.0 ;
    %delay 5, 0;
    %load/vec4 v0x3f1f4970_0;
    %inv;
    %store/vec4 v0x3f1f4970_0, 0, 1;
    %jmp T_1.0;
    %end;
    .thread T_1;
    .scope S_0x3f1e0e70;
T_2 ;
    %vpi_call/w 3 23 "$display", "Time\011T | Q Qbar" {0 0 0};
    %vpi_call/w 3 24 "$monitor", "%0t\011%b | %b %b", $time, v0x3f1f4870_0, v0x3f1f46e0_0, v0x3f1f47a0_0 {0 0 0};
    %pushi/vec4 0, 0, 1;
    %store/vec4 v0x3f1f4870_0, 0, 1;
    %delay 10, 0;
    %pushi/vec4 1, 0, 1;
    %store/vec4 v0x3f1f4870_0, 0, 1;
    %delay 10, 0;
    %pushi/vec4 1, 0, 1;
    %store/vec4 v0x3f1f4870_0, 0, 1;
    %delay 10, 0;
    %pushi/vec4 0, 0, 1;
    %store/vec4 v0x3f1f4870_0, 0, 1;
    %delay 10, 0;
    %pushi/vec4 1, 0, 1;
    %store/vec4 v0x3f1f4870_0, 0, 1;
    %delay 10, 0;
    %vpi_call/w 3 42 "$finish" {0 0 0};
    %end;
    .thread T_2;
# The file index is used to find the file name in the following table.
:file_names 5;
    "N/A";
    "<interactive>";
    "-";
    "testbench.sv";
    "design.sv";
